c:\users\bigle\source\repos\cccbal\cccbal\debug\vc141.pdb
c:\users\bigle\source\repos\cccbal\cccbal\debug\vc141.idb
c:\users\bigle\source\repos\cccbal\cccbal\debug\cccbal.obj
c:\users\bigle\source\repos\cccbal\cccbal\debug\display.obj
c:\users\bigle\source\repos\cccbal\cccbal\debug\main.obj
c:\users\bigle\source\repos\cccbal\cccbal\debug\player.obj
c:\users\bigle\source\repos\cccbal\cccbal\debug\projectile.obj
c:\users\bigle\source\repos\cccbal\cccbal\debug\wave.obj
c:\users\bigle\source\repos\cccbal\debug\cccbal.exe
c:\users\bigle\source\repos\cccbal\debug\cccbal.ilk
c:\users\bigle\source\repos\cccbal\debug\cccbal.pdb
c:\users\bigle\source\repos\cccbal\cccbal\debug\cccbal.tlog\cl.command.1.tlog
c:\users\bigle\source\repos\cccbal\cccbal\debug\cccbal.tlog\cl.read.1.tlog
c:\users\bigle\source\repos\cccbal\cccbal\debug\cccbal.tlog\cl.write.1.tlog
c:\users\bigle\source\repos\cccbal\cccbal\debug\cccbal.tlog\link-cvtres.read.1.tlog
c:\users\bigle\source\repos\cccbal\cccbal\debug\cccbal.tlog\link-cvtres.write.1.tlog
c:\users\bigle\source\repos\cccbal\cccbal\debug\cccbal.tlog\link-rc.read.1.tlog
c:\users\bigle\source\repos\cccbal\cccbal\debug\cccbal.tlog\link-rc.write.1.tlog
c:\users\bigle\source\repos\cccbal\cccbal\debug\cccbal.tlog\link.24972-cvtres.read.1.tlog
c:\users\bigle\source\repos\cccbal\cccbal\debug\cccbal.tlog\link.24972-cvtres.write.1.tlog
c:\users\bigle\source\repos\cccbal\cccbal\debug\cccbal.tlog\link.24972-rc.read.1.tlog
c:\users\bigle\source\repos\cccbal\cccbal\debug\cccbal.tlog\link.24972-rc.write.1.tlog
c:\users\bigle\source\repos\cccbal\cccbal\debug\cccbal.tlog\link.24972.read.1.tlog
c:\users\bigle\source\repos\cccbal\cccbal\debug\cccbal.tlog\link.24972.write.1.tlog
c:\users\bigle\source\repos\cccbal\cccbal\debug\cccbal.tlog\link.command.1.tlog
c:\users\bigle\source\repos\cccbal\cccbal\debug\cccbal.tlog\link.read.1.tlog
c:\users\bigle\source\repos\cccbal\cccbal\debug\cccbal.tlog\link.write.1.tlog
